mode: atomic
github.com/ericoalmeida/go-wheather/cmd/api/main.go:11.13,16.2 3 0
github.com/ericoalmeida/go-wheather/internal/config/config.go:14.19,17.16 2 0
github.com/ericoalmeida/go-wheather/internal/config/config.go:17.16,19.3 1 0
github.com/ericoalmeida/go-wheather/internal/config/config.go:22.32,25.20 2 0
github.com/ericoalmeida/go-wheather/internal/config/config.go:25.20,27.3 1 0
github.com/ericoalmeida/go-wheather/internal/config/config.go:29.2,29.17 1 0
github.com/ericoalmeida/go-wheather/internal/handlers/weather.go:11.71,13.30 2 0
github.com/ericoalmeida/go-wheather/internal/handlers/weather.go:13.30,16.3 2 0
github.com/ericoalmeida/go-wheather/internal/handlers/weather.go:18.2,19.16 2 0
github.com/ericoalmeida/go-wheather/internal/handlers/weather.go:19.16,22.3 2 0
github.com/ericoalmeida/go-wheather/internal/handlers/weather.go:24.2,25.16 2 0
github.com/ericoalmeida/go-wheather/internal/handlers/weather.go:25.16,28.3 2 0
github.com/ericoalmeida/go-wheather/internal/handlers/weather.go:30.2,30.43 1 0
github.com/ericoalmeida/go-wheather/pkg/temp-converter.go:3.55,5.2 1 3
github.com/ericoalmeida/go-wheather/pkg/zipcode.go:5.38,8.2 2 6
github.com/ericoalmeida/go-wheather/internal/clients/geoapify.go:24.64,33.16 6 4
github.com/ericoalmeida/go-wheather/internal/clients/geoapify.go:33.16,35.3 1 0
github.com/ericoalmeida/go-wheather/internal/clients/geoapify.go:36.2,38.38 2 4
github.com/ericoalmeida/go-wheather/internal/clients/geoapify.go:38.38,40.3 1 1
github.com/ericoalmeida/go-wheather/internal/clients/geoapify.go:42.2,44.16 3 3
github.com/ericoalmeida/go-wheather/internal/clients/geoapify.go:44.16,46.3 1 0
github.com/ericoalmeida/go-wheather/internal/clients/geoapify.go:48.2,48.40 1 3
github.com/ericoalmeida/go-wheather/internal/clients/geoapify.go:48.40,50.3 1 2
github.com/ericoalmeida/go-wheather/internal/clients/geoapify.go:52.2,58.8 3 1
github.com/ericoalmeida/go-wheather/internal/clients/weather.go:25.67,34.16 6 0
github.com/ericoalmeida/go-wheather/internal/clients/weather.go:34.16,36.3 1 0
github.com/ericoalmeida/go-wheather/internal/clients/weather.go:37.2,39.38 2 0
github.com/ericoalmeida/go-wheather/internal/clients/weather.go:39.38,41.3 1 0
github.com/ericoalmeida/go-wheather/internal/clients/weather.go:43.2,45.16 3 0
github.com/ericoalmeida/go-wheather/internal/clients/weather.go:45.16,47.3 1 0
github.com/ericoalmeida/go-wheather/internal/clients/weather.go:49.2,57.8 4 0
github.com/ericoalmeida/go-wheather/internal/config/config.go:14.19,17.16 2 0
github.com/ericoalmeida/go-wheather/internal/config/config.go:17.16,19.3 1 0
github.com/ericoalmeida/go-wheather/internal/config/config.go:22.32,25.20 2 8
github.com/ericoalmeida/go-wheather/internal/config/config.go:25.20,27.3 1 0
github.com/ericoalmeida/go-wheather/internal/config/config.go:29.2,29.17 1 8
